CRITICAL - 2022-08-17 10:11:47 --> move_uploaded_file(uploads/16607113072ca550464466fce5e6a5ed111831158b.jpg): failed to open stream: No such file or directory
in APPPATH\Modules\Department\Controllers\AdminController.php on line 340.
 1 [internal function]: CodeIgniter\Debug\Exceptions->errorHandler(2, 'move_uploaded_file(uploads/16607113072ca550464466fce5e6a5ed111831158b.jpg): failed to open stream: No such file or directory', 'APPPATH\\Modules\\Department\\Controllers\\AdminController.php', 340, [...])
 2 APPPATH\Modules\Department\Controllers\AdminController.php(340): move_uploaded_file('C:\\xamppnew\\tmp\\phpF878.tmp', 'uploads/16607113072ca550464466fce5e6a5ed111831158b.jpg')
 3 SYSTEMPATH\CodeIgniter.php(896): Modules\Department\Controllers\AdminController->fileUpload()
 4 SYSTEMPATH\CodeIgniter.php(466): CodeIgniter\CodeIgniter->runController(Object(Modules\Department\Controllers\AdminController))
 5 SYSTEMPATH\CodeIgniter.php(349): CodeIgniter\CodeIgniter->handleRequest(null, Object(Config\Cache), false)
 6 FCPATH\index.php(55): CodeIgniter\CodeIgniter->run()
CRITICAL - 2022-08-17 10:17:26 --> Undefined variable: x
in APPPATH\Modules\Project\views\add.php on line 282.
 1 APPPATH\Modules\Project\views\add.php(282): CodeIgniter\Debug\Exceptions->errorHandler(8, 'Undefined variable: x', 'APPPATH\\Modules\\Project\\views\\add.php', 282, [...])
 2 SYSTEMPATH\View\View.php(213): include('APPPATH\\Modules\\Project\\views\\add.php')
 3 SYSTEMPATH\View\View.php(216): CodeIgniter\View\View->CodeIgniter\View\{closure}()
 4 SYSTEMPATH\Common.php(1135): CodeIgniter\View\View->render('\\Modules\\Project\\Views/add', [], true)
 5 APPPATH\Modules\Project\Controllers\AdminController.php(141): view('\\Modules\\Project\\Views/add', [...])
 6 SYSTEMPATH\CodeIgniter.php(896): Modules\Project\Controllers\AdminController->add()
 7 SYSTEMPATH\CodeIgniter.php(466): CodeIgniter\CodeIgniter->runController(Object(Modules\Project\Controllers\AdminController))
 8 SYSTEMPATH\CodeIgniter.php(349): CodeIgniter\CodeIgniter->handleRequest(null, Object(Config\Cache), false)
 9 FCPATH\index.php(55): CodeIgniter\CodeIgniter->run()
CRITICAL - 2022-08-17 10:50:16 --> move_uploaded_file(uploads/1660713616attachment_128825908.png): failed to open stream: No such file or directory
in APPPATH\Modules\Department\Controllers\AdminController.php on line 340.
 1 [internal function]: CodeIgniter\Debug\Exceptions->errorHandler(2, 'move_uploaded_file(uploads/1660713616attachment_128825908.png): failed to open stream: No such file or directory', 'APPPATH\\Modules\\Department\\Controllers\\AdminController.php', 340, [...])
 2 APPPATH\Modules\Department\Controllers\AdminController.php(340): move_uploaded_file('C:\\xamppnew\\tmp\\php370E.tmp', 'uploads/1660713616attachment_128825908.png')
 3 SYSTEMPATH\CodeIgniter.php(896): Modules\Department\Controllers\AdminController->fileUpload()
 4 SYSTEMPATH\CodeIgniter.php(466): CodeIgniter\CodeIgniter->runController(Object(Modules\Department\Controllers\AdminController))
 5 SYSTEMPATH\CodeIgniter.php(349): CodeIgniter\CodeIgniter->handleRequest(null, Object(Config\Cache), false)
 6 FCPATH\index.php(55): CodeIgniter\CodeIgniter->run()
