ERROR - 2022-08-16 12:45:45 --> Error connecting to the database: Access denied for user ''@'localhost' (using password: NO)
CRITICAL - 2022-08-16 12:45:45 --> Unable to connect to the database.
Main connection [MySQLi]: Access denied for user ''@'localhost' (using password: NO)
in SYSTEMPATH\Database\BaseConnection.php on line 416.
 1 SYSTEMPATH\Database\BaseConnection.php(586): CodeIgniter\Database\BaseConnection->initialize()
 2 SYSTEMPATH\Database\BaseBuilder.php(1585): CodeIgniter\Database\BaseConnection->query('SELECT *
FROM `tbl_admin`
WHERE `email` = :email:
AND `password` = :password:
ORDER BY `id` DESC', [...], false)
 3 APPPATH\Models\Common.php(117): CodeIgniter\Database\BaseBuilder->get()
 4 APPPATH\Controllers\Admin.php(24): App\Models\Common->GetSingleRow('tbl_admin', [...])
 5 SYSTEMPATH\CodeIgniter.php(896): App\Controllers\Admin->index()
 6 SYSTEMPATH\CodeIgniter.php(466): CodeIgniter\CodeIgniter->runController(Object(App\Controllers\Admin))
 7 SYSTEMPATH\CodeIgniter.php(349): CodeIgniter\CodeIgniter->handleRequest(null, Object(Config\Cache), false)
 8 FCPATH\index.php(55): CodeIgniter\CodeIgniter->run()
ERROR - 2022-08-16 12:46:54 --> Error connecting to the database: Access denied for user ''@'localhost' (using password: NO)
CRITICAL - 2022-08-16 12:46:54 --> Unable to connect to the database.
Main connection [MySQLi]: Access denied for user ''@'localhost' (using password: NO)
in SYSTEMPATH\Database\BaseConnection.php on line 416.
 1 SYSTEMPATH\Database\BaseConnection.php(586): CodeIgniter\Database\BaseConnection->initialize()
 2 SYSTEMPATH\Database\BaseBuilder.php(1585): CodeIgniter\Database\BaseConnection->query('SELECT *
FROM `tbl_admin`
WHERE `email` = :email:
AND `password` = :password:
ORDER BY `id` DESC', [...], false)
 3 APPPATH\Models\Common.php(117): CodeIgniter\Database\BaseBuilder->get()
 4 APPPATH\Controllers\Admin.php(24): App\Models\Common->GetSingleRow('tbl_admin', [...])
 5 SYSTEMPATH\CodeIgniter.php(896): App\Controllers\Admin->index()
 6 SYSTEMPATH\CodeIgniter.php(466): CodeIgniter\CodeIgniter->runController(Object(App\Controllers\Admin))
 7 SYSTEMPATH\CodeIgniter.php(349): CodeIgniter\CodeIgniter->handleRequest(null, Object(Config\Cache), false)
 8 FCPATH\index.php(55): CodeIgniter\CodeIgniter->run()
ERROR - 2022-08-16 12:47:43 --> Error connecting to the database: Access denied for user ''@'localhost' (using password: NO)
CRITICAL - 2022-08-16 12:47:43 --> Unable to connect to the database.
Main connection [MySQLi]: Access denied for user ''@'localhost' (using password: NO)
in SYSTEMPATH\Database\BaseConnection.php on line 416.
 1 SYSTEMPATH\Database\BaseConnection.php(586): CodeIgniter\Database\BaseConnection->initialize()
 2 SYSTEMPATH\Database\BaseBuilder.php(1585): CodeIgniter\Database\BaseConnection->query('SELECT *
FROM `tbl_admin`
WHERE `email` = :email:
AND `password` = :password:
ORDER BY `id` DESC', [...], false)
 3 APPPATH\Models\Common.php(117): CodeIgniter\Database\BaseBuilder->get()
 4 APPPATH\Controllers\Admin.php(24): App\Models\Common->GetSingleRow('tbl_admin', [...])
 5 SYSTEMPATH\CodeIgniter.php(896): App\Controllers\Admin->index()
 6 SYSTEMPATH\CodeIgniter.php(466): CodeIgniter\CodeIgniter->runController(Object(App\Controllers\Admin))
 7 SYSTEMPATH\CodeIgniter.php(349): CodeIgniter\CodeIgniter->handleRequest(null, Object(Config\Cache), false)
 8 FCPATH\index.php(55): CodeIgniter\CodeIgniter->run()
CRITICAL - 2022-08-16 13:49:55 --> move_uploaded_file(uploads/16606379952ca550464466fce5e6a5ed111831158b.jpg): failed to open stream: No such file or directory
in APPPATH\Modules\Media\Controllers\AdminController.php on line 94.
 1 [internal function]: CodeIgniter\Debug\Exceptions->errorHandler(2, 'move_uploaded_file(uploads/16606379952ca550464466fce5e6a5ed111831158b.jpg): failed to open stream: No such file or directory', 'APPPATH\\Modules\\Media\\Controllers\\AdminController.php', 94, [...])
 2 APPPATH\Modules\Media\Controllers\AdminController.php(94): move_uploaded_file('C:\\xamppnew\\tmp\\php515A.tmp', 'uploads/16606379952ca550464466fce5e6a5ed111831158b.jpg')
 3 SYSTEMPATH\CodeIgniter.php(896): Modules\Media\Controllers\AdminController->fileUpload()
 4 SYSTEMPATH\CodeIgniter.php(466): CodeIgniter\CodeIgniter->runController(Object(Modules\Media\Controllers\AdminController))
 5 SYSTEMPATH\CodeIgniter.php(349): CodeIgniter\CodeIgniter->handleRequest(null, Object(Config\Cache), false)
 6 FCPATH\index.php(55): CodeIgniter\CodeIgniter->run()
CRITICAL - 2022-08-16 14:51:45 --> syntax error, unexpected 'die' (T_EXIT), expecting function (T_FUNCTION) or const (T_CONST)
in APPPATH\Modules\Project\Controllers\AdminController.php on line 10.
 1 SYSTEMPATH\Autoloader\Autoloader.php(261): CodeIgniter\Autoloader\Autoloader->includeFile('APPPATH\\Modules\\Project\\Controllers\\AdminController.php')
 2 SYSTEMPATH\Autoloader\Autoloader.php(239): CodeIgniter\Autoloader\Autoloader->loadInNamespace('Modules\\Project\\Controllers\\AdminController')
 3 [internal function]: CodeIgniter\Autoloader\Autoloader->loadClass('Modules\\Project\\Controllers\\AdminController')
 4 [internal function]: spl_autoload_call('Modules\\Project\\Controllers\\AdminController')
 5 SYSTEMPATH\CodeIgniter.php(846): class_exists('\\Modules\\Project\\Controllers\\AdminController', true)
 6 SYSTEMPATH\CodeIgniter.php(453): CodeIgniter\CodeIgniter->startController()
 7 SYSTEMPATH\CodeIgniter.php(349): CodeIgniter\CodeIgniter->handleRequest(null, Object(Config\Cache), false)
 8 FCPATH\index.php(55): CodeIgniter\CodeIgniter->run()
CRITICAL - 2022-08-16 15:15:25 --> syntax error, unexpected 'die' (T_EXIT), expecting function (T_FUNCTION) or const (T_CONST)
in APPPATH\Modules\Project\Controllers\AdminController.php on line 20.
 1 SYSTEMPATH\Autoloader\Autoloader.php(261): CodeIgniter\Autoloader\Autoloader->includeFile('APPPATH\\Modules\\Project\\Controllers\\AdminController.php')
 2 SYSTEMPATH\Autoloader\Autoloader.php(239): CodeIgniter\Autoloader\Autoloader->loadInNamespace('Modules\\Project\\Controllers\\AdminController')
 3 [internal function]: CodeIgniter\Autoloader\Autoloader->loadClass('Modules\\Project\\Controllers\\AdminController')
 4 [internal function]: spl_autoload_call('Modules\\Project\\Controllers\\AdminController')
 5 SYSTEMPATH\CodeIgniter.php(846): class_exists('\\Modules\\Project\\Controllers\\AdminController', true)
 6 SYSTEMPATH\CodeIgniter.php(453): CodeIgniter\CodeIgniter->startController()
 7 SYSTEMPATH\CodeIgniter.php(349): CodeIgniter\CodeIgniter->handleRequest(null, Object(Config\Cache), false)
 8 FCPATH\index.php(55): CodeIgniter\CodeIgniter->run()
CRITICAL - 2022-08-16 16:04:39 --> syntax error, unexpected '/', expecting '{'
in APPPATH\Modules\Project\Controllers\AdminController.php on line 2.
 1 SYSTEMPATH\Autoloader\Autoloader.php(261): CodeIgniter\Autoloader\Autoloader->includeFile('APPPATH\\Modules\\Project\\Controllers\\AdminController.php')
 2 SYSTEMPATH\Autoloader\Autoloader.php(239): CodeIgniter\Autoloader\Autoloader->loadInNamespace('Modules\\Project\\Controllers\\AdminController')
 3 [internal function]: CodeIgniter\Autoloader\Autoloader->loadClass('Modules\\Project\\Controllers\\AdminController')
 4 [internal function]: spl_autoload_call('Modules\\Project\\Controllers\\AdminController')
 5 SYSTEMPATH\CodeIgniter.php(846): class_exists('\\Modules\\Project\\Controllers\\AdminController', true)
 6 SYSTEMPATH\CodeIgniter.php(453): CodeIgniter\CodeIgniter->startController()
 7 SYSTEMPATH\CodeIgniter.php(349): CodeIgniter\CodeIgniter->handleRequest(null, Object(Config\Cache), false)
 8 FCPATH\index.php(55): CodeIgniter\CodeIgniter->run()
CRITICAL - 2022-08-16 16:04:39 --> syntax error, unexpected '/', expecting '{'
in APPPATH\Modules\Project\Controllers\AdminController.php on line 2.
 1 SYSTEMPATH\Autoloader\Autoloader.php(261): CodeIgniter\Autoloader\Autoloader->includeFile('APPPATH\\Modules\\Project\\Controllers\\AdminController.php')
 2 SYSTEMPATH\Autoloader\Autoloader.php(239): CodeIgniter\Autoloader\Autoloader->loadInNamespace('Modules\\Project\\Controllers\\AdminController')
 3 [internal function]: CodeIgniter\Autoloader\Autoloader->loadClass('Modules\\Project\\Controllers\\AdminController')
 4 [internal function]: spl_autoload_call('Modules\\Project\\Controllers\\AdminController')
 5 SYSTEMPATH\CodeIgniter.php(846): class_exists('\\Modules\\Project\\Controllers\\AdminController', true)
 6 SYSTEMPATH\CodeIgniter.php(453): CodeIgniter\CodeIgniter->startController()
 7 SYSTEMPATH\CodeIgniter.php(349): CodeIgniter\CodeIgniter->handleRequest(null, Object(Config\Cache), false)
 8 FCPATH\index.php(55): CodeIgniter\CodeIgniter->run()
CRITICAL - 2022-08-16 16:04:39 --> syntax error, unexpected '/', expecting '{'
in APPPATH\Modules\Project\Controllers\AdminController.php on line 2.
 1 SYSTEMPATH\Autoloader\Autoloader.php(261): CodeIgniter\Autoloader\Autoloader->includeFile('APPPATH\\Modules\\Project\\Controllers\\AdminController.php')
 2 SYSTEMPATH\Autoloader\Autoloader.php(239): CodeIgniter\Autoloader\Autoloader->loadInNamespace('Modules\\Project\\Controllers\\AdminController')
 3 [internal function]: CodeIgniter\Autoloader\Autoloader->loadClass('Modules\\Project\\Controllers\\AdminController')
 4 [internal function]: spl_autoload_call('Modules\\Project\\Controllers\\AdminController')
 5 SYSTEMPATH\CodeIgniter.php(846): class_exists('\\Modules\\Project\\Controllers\\AdminController', true)
 6 SYSTEMPATH\CodeIgniter.php(453): CodeIgniter\CodeIgniter->startController()
 7 SYSTEMPATH\CodeIgniter.php(349): CodeIgniter\CodeIgniter->handleRequest(null, Object(Config\Cache), false)
 8 FCPATH\index.php(55): CodeIgniter\CodeIgniter->run()
CRITICAL - 2022-08-16 16:04:39 --> syntax error, unexpected '/', expecting '{'
in APPPATH\Modules\Project\Controllers\AdminController.php on line 2.
 1 SYSTEMPATH\Autoloader\Autoloader.php(261): CodeIgniter\Autoloader\Autoloader->includeFile('APPPATH\\Modules\\Project\\Controllers\\AdminController.php')
 2 SYSTEMPATH\Autoloader\Autoloader.php(239): CodeIgniter\Autoloader\Autoloader->loadInNamespace('Modules\\Project\\Controllers\\AdminController')
 3 [internal function]: CodeIgniter\Autoloader\Autoloader->loadClass('Modules\\Project\\Controllers\\AdminController')
 4 [internal function]: spl_autoload_call('Modules\\Project\\Controllers\\AdminController')
 5 SYSTEMPATH\CodeIgniter.php(846): class_exists('\\Modules\\Project\\Controllers\\AdminController', true)
 6 SYSTEMPATH\CodeIgniter.php(453): CodeIgniter\CodeIgniter->startController()
 7 SYSTEMPATH\CodeIgniter.php(349): CodeIgniter\CodeIgniter->handleRequest(null, Object(Config\Cache), false)
 8 FCPATH\index.php(55): CodeIgniter\CodeIgniter->run()
CRITICAL - 2022-08-16 16:04:48 --> syntax error, unexpected ';', expecting identifier (T_STRING)
in APPPATH\Modules\Project\Controllers\AdminController.php on line 2.
 1 SYSTEMPATH\Autoloader\Autoloader.php(261): CodeIgniter\Autoloader\Autoloader->includeFile('APPPATH\\Modules\\Project\\Controllers\\AdminController.php')
 2 SYSTEMPATH\Autoloader\Autoloader.php(239): CodeIgniter\Autoloader\Autoloader->loadInNamespace('Modules\\Project\\Controllers\\AdminController')
 3 [internal function]: CodeIgniter\Autoloader\Autoloader->loadClass('Modules\\Project\\Controllers\\AdminController')
 4 [internal function]: spl_autoload_call('Modules\\Project\\Controllers\\AdminController')
 5 SYSTEMPATH\CodeIgniter.php(846): class_exists('\\Modules\\Project\\Controllers\\AdminController', true)
 6 SYSTEMPATH\CodeIgniter.php(453): CodeIgniter\CodeIgniter->startController()
 7 SYSTEMPATH\CodeIgniter.php(349): CodeIgniter\CodeIgniter->handleRequest(null, Object(Config\Cache), false)
 8 FCPATH\index.php(55): CodeIgniter\CodeIgniter->run()
CRITICAL - 2022-08-16 16:04:49 --> syntax error, unexpected ';', expecting identifier (T_STRING)
in APPPATH\Modules\Project\Controllers\AdminController.php on line 2.
 1 SYSTEMPATH\Autoloader\Autoloader.php(261): CodeIgniter\Autoloader\Autoloader->includeFile('APPPATH\\Modules\\Project\\Controllers\\AdminController.php')
 2 SYSTEMPATH\Autoloader\Autoloader.php(239): CodeIgniter\Autoloader\Autoloader->loadInNamespace('Modules\\Project\\Controllers\\AdminController')
 3 [internal function]: CodeIgniter\Autoloader\Autoloader->loadClass('Modules\\Project\\Controllers\\AdminController')
 4 [internal function]: spl_autoload_call('Modules\\Project\\Controllers\\AdminController')
 5 SYSTEMPATH\CodeIgniter.php(846): class_exists('\\Modules\\Project\\Controllers\\AdminController', true)
 6 SYSTEMPATH\CodeIgniter.php(453): CodeIgniter\CodeIgniter->startController()
 7 SYSTEMPATH\CodeIgniter.php(349): CodeIgniter\CodeIgniter->handleRequest(null, Object(Config\Cache), false)
 8 FCPATH\index.php(55): CodeIgniter\CodeIgniter->run()
CRITICAL - 2022-08-16 16:04:50 --> syntax error, unexpected ';', expecting identifier (T_STRING)
in APPPATH\Modules\Project\Controllers\AdminController.php on line 2.
 1 SYSTEMPATH\Autoloader\Autoloader.php(261): CodeIgniter\Autoloader\Autoloader->includeFile('APPPATH\\Modules\\Project\\Controllers\\AdminController.php')
 2 SYSTEMPATH\Autoloader\Autoloader.php(239): CodeIgniter\Autoloader\Autoloader->loadInNamespace('Modules\\Project\\Controllers\\AdminController')
 3 [internal function]: CodeIgniter\Autoloader\Autoloader->loadClass('Modules\\Project\\Controllers\\AdminController')
 4 [internal function]: spl_autoload_call('Modules\\Project\\Controllers\\AdminController')
 5 SYSTEMPATH\CodeIgniter.php(846): class_exists('\\Modules\\Project\\Controllers\\AdminController', true)
 6 SYSTEMPATH\CodeIgniter.php(453): CodeIgniter\CodeIgniter->startController()
 7 SYSTEMPATH\CodeIgniter.php(349): CodeIgniter\CodeIgniter->handleRequest(null, Object(Config\Cache), false)
 8 FCPATH\index.php(55): CodeIgniter\CodeIgniter->run()
CRITICAL - 2022-08-16 16:04:50 --> syntax error, unexpected ';', expecting identifier (T_STRING)
in APPPATH\Modules\Project\Controllers\AdminController.php on line 2.
 1 SYSTEMPATH\Autoloader\Autoloader.php(261): CodeIgniter\Autoloader\Autoloader->includeFile('APPPATH\\Modules\\Project\\Controllers\\AdminController.php')
 2 SYSTEMPATH\Autoloader\Autoloader.php(239): CodeIgniter\Autoloader\Autoloader->loadInNamespace('Modules\\Project\\Controllers\\AdminController')
 3 [internal function]: CodeIgniter\Autoloader\Autoloader->loadClass('Modules\\Project\\Controllers\\AdminController')
 4 [internal function]: spl_autoload_call('Modules\\Project\\Controllers\\AdminController')
 5 SYSTEMPATH\CodeIgniter.php(846): class_exists('\\Modules\\Project\\Controllers\\AdminController', true)
 6 SYSTEMPATH\CodeIgniter.php(453): CodeIgniter\CodeIgniter->startController()
 7 SYSTEMPATH\CodeIgniter.php(349): CodeIgniter\CodeIgniter->handleRequest(null, Object(Config\Cache), false)
 8 FCPATH\index.php(55): CodeIgniter\CodeIgniter->run()
CRITICAL - 2022-08-16 16:04:52 --> syntax error, unexpected ';', expecting identifier (T_STRING)
in APPPATH\Modules\Project\Controllers\AdminController.php on line 2.
 1 SYSTEMPATH\Autoloader\Autoloader.php(261): CodeIgniter\Autoloader\Autoloader->includeFile('APPPATH\\Modules\\Project\\Controllers\\AdminController.php')
 2 SYSTEMPATH\Autoloader\Autoloader.php(239): CodeIgniter\Autoloader\Autoloader->loadInNamespace('Modules\\Project\\Controllers\\AdminController')
 3 [internal function]: CodeIgniter\Autoloader\Autoloader->loadClass('Modules\\Project\\Controllers\\AdminController')
 4 [internal function]: spl_autoload_call('Modules\\Project\\Controllers\\AdminController')
 5 SYSTEMPATH\CodeIgniter.php(846): class_exists('\\Modules\\Project\\Controllers\\AdminController', true)
 6 SYSTEMPATH\CodeIgniter.php(453): CodeIgniter\CodeIgniter->startController()
 7 SYSTEMPATH\CodeIgniter.php(349): CodeIgniter\CodeIgniter->handleRequest(null, Object(Config\Cache), false)
 8 FCPATH\index.php(55): CodeIgniter\CodeIgniter->run()
CRITICAL - 2022-08-16 16:48:15 --> Undefined property: Modules\Project\Controllers\AdminController::$_module
in APPPATH\Modules\Project\Controllers\AdminController.php on line 139.
 1 APPPATH\Modules\Project\Controllers\AdminController.php(139): CodeIgniter\Debug\Exceptions->errorHandler(8, 'Undefined property: Modules\\Project\\Controllers\\AdminController::$_module', 'APPPATH\\Modules\\Project\\Controllers\\AdminController.php', 139, [...])
 2 SYSTEMPATH\CodeIgniter.php(896): Modules\Project\Controllers\AdminController->add()
 3 SYSTEMPATH\CodeIgniter.php(466): CodeIgniter\CodeIgniter->runController(Object(Modules\Project\Controllers\AdminController))
 4 SYSTEMPATH\CodeIgniter.php(349): CodeIgniter\CodeIgniter->handleRequest(null, Object(Config\Cache), false)
 5 FCPATH\index.php(55): CodeIgniter\CodeIgniter->run()
CRITICAL - 2022-08-16 16:48:26 --> Undefined variable: module
in APPPATH\Modules\Project\Controllers\AdminController.php on line 140.
 1 APPPATH\Modules\Project\Controllers\AdminController.php(140): CodeIgniter\Debug\Exceptions->errorHandler(8, 'Undefined variable: module', 'APPPATH\\Modules\\Project\\Controllers\\AdminController.php', 140, [...])
 2 SYSTEMPATH\CodeIgniter.php(896): Modules\Project\Controllers\AdminController->add()
 3 SYSTEMPATH\CodeIgniter.php(466): CodeIgniter\CodeIgniter->runController(Object(Modules\Project\Controllers\AdminController))
 4 SYSTEMPATH\CodeIgniter.php(349): CodeIgniter\CodeIgniter->handleRequest(null, Object(Config\Cache), false)
 5 FCPATH\index.php(55): CodeIgniter\CodeIgniter->run()
CRITICAL - 2022-08-16 16:48:42 --> Undefined variable: permissions
in APPPATH\Modules\Project\Controllers\AdminController.php on line 143.
 1 APPPATH\Modules\Project\Controllers\AdminController.php(143): CodeIgniter\Debug\Exceptions->errorHandler(8, 'Undefined variable: permissions', 'APPPATH\\Modules\\Project\\Controllers\\AdminController.php', 143, [...])
 2 SYSTEMPATH\CodeIgniter.php(896): Modules\Project\Controllers\AdminController->add()
 3 SYSTEMPATH\CodeIgniter.php(466): CodeIgniter\CodeIgniter->runController(Object(Modules\Project\Controllers\AdminController))
 4 SYSTEMPATH\CodeIgniter.php(349): CodeIgniter\CodeIgniter->handleRequest(null, Object(Config\Cache), false)
 5 FCPATH\index.php(55): CodeIgniter\CodeIgniter->run()
CRITICAL - 2022-08-16 16:52:34 --> Undefined variable: permissions
in APPPATH\Modules\Project\Controllers\AdminController.php on line 44.
 1 APPPATH\Modules\Project\Controllers\AdminController.php(44): CodeIgniter\Debug\Exceptions->errorHandler(8, 'Undefined variable: permissions', 'APPPATH\\Modules\\Project\\Controllers\\AdminController.php', 44, [...])
 2 SYSTEMPATH\CodeIgniter.php(896): Modules\Project\Controllers\AdminController->index()
 3 SYSTEMPATH\CodeIgniter.php(466): CodeIgniter\CodeIgniter->runController(Object(Modules\Project\Controllers\AdminController))
 4 SYSTEMPATH\CodeIgniter.php(349): CodeIgniter\CodeIgniter->handleRequest(null, Object(Config\Cache), false)
 5 FCPATH\index.php(55): CodeIgniter\CodeIgniter->run()
CRITICAL - 2022-08-16 16:54:07 --> Undefined variable: name
in APPPATH\Modules\Project\Controllers\AdminController.php on line 110.
 1 APPPATH\Modules\Project\Controllers\AdminController.php(110): CodeIgniter\Debug\Exceptions->errorHandler(8, 'Undefined variable: name', 'APPPATH\\Modules\\Project\\Controllers\\AdminController.php', 110, [...])
 2 SYSTEMPATH\CodeIgniter.php(896): Modules\Project\Controllers\AdminController->add()
 3 SYSTEMPATH\CodeIgniter.php(466): CodeIgniter\CodeIgniter->runController(Object(Modules\Project\Controllers\AdminController))
 4 SYSTEMPATH\CodeIgniter.php(349): CodeIgniter\CodeIgniter->handleRequest(null, Object(Config\Cache), false)
 5 FCPATH\index.php(55): CodeIgniter\CodeIgniter->run()
ERROR - 2022-08-16 16:54:30 --> Unknown column 'image' in 'field list'
CRITICAL - 2022-08-16 16:54:30 --> Unknown column 'image' in 'field list'
in SYSTEMPATH\Database\MySQLi\Connection.php on line 292.
 1 SYSTEMPATH\Database\MySQLi\Connection.php(292): mysqli->query('INSERT INTO `tbl_project` (`title`, `director`, `studio`, `description`, `image`, `created_at`, `updated_at`) VALUES (NULL, NULL, NULL, \'<p>qwertyuioplkjhgfdswa</p>\\r\\n\', NULL, 1660649070, 1660649070)', 0)
 2 SYSTEMPATH\Database\BaseConnection.php(695): CodeIgniter\Database\MySQLi\Connection->execute('INSERT INTO `tbl_project` (`title`, `director`, `studio`, `description`, `image`, `created_at`, `updated_at`) VALUES (NULL, NULL, NULL, \'<p>qwertyuioplkjhgfdswa</p>\\r\\n\', NULL, 1660649070, 1660649070)')
 3 SYSTEMPATH\Database\BaseConnection.php(609): CodeIgniter\Database\BaseConnection->simpleQuery('INSERT INTO `tbl_project` (`title`, `director`, `studio`, `description`, `image`, `created_at`, `updated_at`) VALUES (NULL, NULL, NULL, \'<p>qwertyuioplkjhgfdswa</p>\\r\\n\', NULL, 1660649070, 1660649070)')
 4 SYSTEMPATH\Database\BaseBuilder.php(1904): CodeIgniter\Database\BaseConnection->query('INSERT INTO `tbl_project` (`title`, `director`, `studio`, `description`, `image`, `created_at`, `updated_at`) VALUES (:title:, :director:, :studio:, :description:, :image:, :created_at:, :updated_at:)', [...], false)
 5 APPPATH\Models\Common.php(224): CodeIgniter\Database\BaseBuilder->insert([...])
 6 APPPATH\Modules\Project\Controllers\AdminController.php(119): App\Models\Common->InsertTableData('tbl_project', [...])
 7 SYSTEMPATH\CodeIgniter.php(896): Modules\Project\Controllers\AdminController->add()
 8 SYSTEMPATH\CodeIgniter.php(466): CodeIgniter\CodeIgniter->runController(Object(Modules\Project\Controllers\AdminController))
 9 SYSTEMPATH\CodeIgniter.php(349): CodeIgniter\CodeIgniter->handleRequest(null, Object(Config\Cache), false)
10 FCPATH\index.php(55): CodeIgniter\CodeIgniter->run()
ERROR - 2022-08-16 16:55:30 --> Column 'title' cannot be null
CRITICAL - 2022-08-16 16:55:30 --> Column 'title' cannot be null
in SYSTEMPATH\Database\MySQLi\Connection.php on line 292.
 1 SYSTEMPATH\Database\MySQLi\Connection.php(292): mysqli->query('INSERT INTO `tbl_project` (`title`, `director`, `studio`, `description`, `image`, `created_at`, `updated_at`) VALUES (NULL, NULL, NULL, \'<p>qwertyuioplkjhgfdswa</p>\\r\\n\', NULL, 1660649130, 1660649130)', 0)
 2 SYSTEMPATH\Database\BaseConnection.php(695): CodeIgniter\Database\MySQLi\Connection->execute('INSERT INTO `tbl_project` (`title`, `director`, `studio`, `description`, `image`, `created_at`, `updated_at`) VALUES (NULL, NULL, NULL, \'<p>qwertyuioplkjhgfdswa</p>\\r\\n\', NULL, 1660649130, 1660649130)')
 3 SYSTEMPATH\Database\BaseConnection.php(609): CodeIgniter\Database\BaseConnection->simpleQuery('INSERT INTO `tbl_project` (`title`, `director`, `studio`, `description`, `image`, `created_at`, `updated_at`) VALUES (NULL, NULL, NULL, \'<p>qwertyuioplkjhgfdswa</p>\\r\\n\', NULL, 1660649130, 1660649130)')
 4 SYSTEMPATH\Database\BaseBuilder.php(1904): CodeIgniter\Database\BaseConnection->query('INSERT INTO `tbl_project` (`title`, `director`, `studio`, `description`, `image`, `created_at`, `updated_at`) VALUES (:title:, :director:, :studio:, :description:, :image:, :created_at:, :updated_at:)', [...], false)
 5 APPPATH\Models\Common.php(224): CodeIgniter\Database\BaseBuilder->insert([...])
 6 APPPATH\Modules\Project\Controllers\AdminController.php(119): App\Models\Common->InsertTableData('tbl_project', [...])
 7 SYSTEMPATH\CodeIgniter.php(896): Modules\Project\Controllers\AdminController->add()
 8 SYSTEMPATH\CodeIgniter.php(466): CodeIgniter\CodeIgniter->runController(Object(Modules\Project\Controllers\AdminController))
 9 SYSTEMPATH\CodeIgniter.php(349): CodeIgniter\CodeIgniter->handleRequest(null, Object(Config\Cache), false)
10 FCPATH\index.php(55): CodeIgniter\CodeIgniter->run()
ERROR - 2022-08-16 16:56:34 --> Column 'title' cannot be null
CRITICAL - 2022-08-16 16:56:34 --> Column 'title' cannot be null
in SYSTEMPATH\Database\MySQLi\Connection.php on line 292.
 1 SYSTEMPATH\Database\MySQLi\Connection.php(292): mysqli->query('INSERT INTO `tbl_project` (`title`, `director`, `studio`, `description`, `image`, `created_at`, `updated_at`) VALUES (NULL, NULL, NULL, \'<p>qwertyuioplkjhgfdswa</p>\\r\\n\', NULL, 1660649194, 1660649194)', 0)
 2 SYSTEMPATH\Database\BaseConnection.php(695): CodeIgniter\Database\MySQLi\Connection->execute('INSERT INTO `tbl_project` (`title`, `director`, `studio`, `description`, `image`, `created_at`, `updated_at`) VALUES (NULL, NULL, NULL, \'<p>qwertyuioplkjhgfdswa</p>\\r\\n\', NULL, 1660649194, 1660649194)')
 3 SYSTEMPATH\Database\BaseConnection.php(609): CodeIgniter\Database\BaseConnection->simpleQuery('INSERT INTO `tbl_project` (`title`, `director`, `studio`, `description`, `image`, `created_at`, `updated_at`) VALUES (NULL, NULL, NULL, \'<p>qwertyuioplkjhgfdswa</p>\\r\\n\', NULL, 1660649194, 1660649194)')
 4 SYSTEMPATH\Database\BaseBuilder.php(1904): CodeIgniter\Database\BaseConnection->query('INSERT INTO `tbl_project` (`title`, `director`, `studio`, `description`, `image`, `created_at`, `updated_at`) VALUES (:title:, :director:, :studio:, :description:, :image:, :created_at:, :updated_at:)', [...], false)
 5 APPPATH\Models\Common.php(224): CodeIgniter\Database\BaseBuilder->insert([...])
 6 APPPATH\Modules\Project\Controllers\AdminController.php(119): App\Models\Common->InsertTableData('tbl_project', [...])
 7 SYSTEMPATH\CodeIgniter.php(896): Modules\Project\Controllers\AdminController->add()
 8 SYSTEMPATH\CodeIgniter.php(466): CodeIgniter\CodeIgniter->runController(Object(Modules\Project\Controllers\AdminController))
 9 SYSTEMPATH\CodeIgniter.php(349): CodeIgniter\CodeIgniter->handleRequest(null, Object(Config\Cache), false)
10 FCPATH\index.php(55): CodeIgniter\CodeIgniter->run()
ERROR - 2022-08-16 16:56:49 --> Column 'title' cannot be null
CRITICAL - 2022-08-16 16:56:49 --> Column 'title' cannot be null
in SYSTEMPATH\Database\MySQLi\Connection.php on line 292.
 1 SYSTEMPATH\Database\MySQLi\Connection.php(292): mysqli->query('INSERT INTO `tbl_project` (`title`, `director`, `studio`, `description`, `image`, `created_at`, `updated_at`) VALUES (NULL, NULL, NULL, \'<p>qwertyuioplkjhgfdswadsad</p>\\r\\n\', NULL, 1660649209, 1660649209)', 0)
 2 SYSTEMPATH\Database\BaseConnection.php(695): CodeIgniter\Database\MySQLi\Connection->execute('INSERT INTO `tbl_project` (`title`, `director`, `studio`, `description`, `image`, `created_at`, `updated_at`) VALUES (NULL, NULL, NULL, \'<p>qwertyuioplkjhgfdswadsad</p>\\r\\n\', NULL, 1660649209, 1660649209)')
 3 SYSTEMPATH\Database\BaseConnection.php(609): CodeIgniter\Database\BaseConnection->simpleQuery('INSERT INTO `tbl_project` (`title`, `director`, `studio`, `description`, `image`, `created_at`, `updated_at`) VALUES (NULL, NULL, NULL, \'<p>qwertyuioplkjhgfdswadsad</p>\\r\\n\', NULL, 1660649209, 1660649209)')
 4 SYSTEMPATH\Database\BaseBuilder.php(1904): CodeIgniter\Database\BaseConnection->query('INSERT INTO `tbl_project` (`title`, `director`, `studio`, `description`, `image`, `created_at`, `updated_at`) VALUES (:title:, :director:, :studio:, :description:, :image:, :created_at:, :updated_at:)', [...], false)
 5 APPPATH\Models\Common.php(224): CodeIgniter\Database\BaseBuilder->insert([...])
 6 APPPATH\Modules\Project\Controllers\AdminController.php(119): App\Models\Common->InsertTableData('tbl_project', [...])
 7 SYSTEMPATH\CodeIgniter.php(896): Modules\Project\Controllers\AdminController->add()
 8 SYSTEMPATH\CodeIgniter.php(466): CodeIgniter\CodeIgniter->runController(Object(Modules\Project\Controllers\AdminController))
 9 SYSTEMPATH\CodeIgniter.php(349): CodeIgniter\CodeIgniter->handleRequest(null, Object(Config\Cache), false)
10 FCPATH\index.php(55): CodeIgniter\CodeIgniter->run()
ERROR - 2022-08-16 16:57:23 --> Column 'image' cannot be null
CRITICAL - 2022-08-16 16:57:23 --> Column 'image' cannot be null
in SYSTEMPATH\Database\MySQLi\Connection.php on line 292.
 1 SYSTEMPATH\Database\MySQLi\Connection.php(292): mysqli->query('INSERT INTO `tbl_project` (`title`, `director`, `studio`, `description`, `image`, `created_at`, `updated_at`) VALUES (\'qwwq\', \'xad\', \'dasd\', \'<p>qwertyuioplkjhgfdswadsad</p>\\r\\n\', NULL, 1660649243, 1660649243)', 0)
 2 SYSTEMPATH\Database\BaseConnection.php(695): CodeIgniter\Database\MySQLi\Connection->execute('INSERT INTO `tbl_project` (`title`, `director`, `studio`, `description`, `image`, `created_at`, `updated_at`) VALUES (\'qwwq\', \'xad\', \'dasd\', \'<p>qwertyuioplkjhgfdswadsad</p>\\r\\n\', NULL, 1660649243, 1660649243)')
 3 SYSTEMPATH\Database\BaseConnection.php(609): CodeIgniter\Database\BaseConnection->simpleQuery('INSERT INTO `tbl_project` (`title`, `director`, `studio`, `description`, `image`, `created_at`, `updated_at`) VALUES (\'qwwq\', \'xad\', \'dasd\', \'<p>qwertyuioplkjhgfdswadsad</p>\\r\\n\', NULL, 1660649243, 1660649243)')
 4 SYSTEMPATH\Database\BaseBuilder.php(1904): CodeIgniter\Database\BaseConnection->query('INSERT INTO `tbl_project` (`title`, `director`, `studio`, `description`, `image`, `created_at`, `updated_at`) VALUES (:title:, :director:, :studio:, :description:, :image:, :created_at:, :updated_at:)', [...], false)
 5 APPPATH\Models\Common.php(224): CodeIgniter\Database\BaseBuilder->insert([...])
 6 APPPATH\Modules\Project\Controllers\AdminController.php(119): App\Models\Common->InsertTableData('tbl_project', [...])
 7 SYSTEMPATH\CodeIgniter.php(896): Modules\Project\Controllers\AdminController->add()
 8 SYSTEMPATH\CodeIgniter.php(466): CodeIgniter\CodeIgniter->runController(Object(Modules\Project\Controllers\AdminController))
 9 SYSTEMPATH\CodeIgniter.php(349): CodeIgniter\CodeIgniter->handleRequest(null, Object(Config\Cache), false)
10 FCPATH\index.php(55): CodeIgniter\CodeIgniter->run()
ERROR - 2022-08-16 16:57:45 --> Column 'image' cannot be null
CRITICAL - 2022-08-16 16:57:45 --> Column 'image' cannot be null
in SYSTEMPATH\Database\MySQLi\Connection.php on line 292.
 1 SYSTEMPATH\Database\MySQLi\Connection.php(292): mysqli->query('INSERT INTO `tbl_project` (`title`, `director`, `studio`, `description`, `image`, `created_at`, `updated_at`) VALUES (\'qwwq\', \'xad\', \'dasd\', \'<p>qwertyuioplkjhgfdswadsad</p>\\r\\n\', NULL, 1660649265, 1660649265)', 0)
 2 SYSTEMPATH\Database\BaseConnection.php(695): CodeIgniter\Database\MySQLi\Connection->execute('INSERT INTO `tbl_project` (`title`, `director`, `studio`, `description`, `image`, `created_at`, `updated_at`) VALUES (\'qwwq\', \'xad\', \'dasd\', \'<p>qwertyuioplkjhgfdswadsad</p>\\r\\n\', NULL, 1660649265, 1660649265)')
 3 SYSTEMPATH\Database\BaseConnection.php(609): CodeIgniter\Database\BaseConnection->simpleQuery('INSERT INTO `tbl_project` (`title`, `director`, `studio`, `description`, `image`, `created_at`, `updated_at`) VALUES (\'qwwq\', \'xad\', \'dasd\', \'<p>qwertyuioplkjhgfdswadsad</p>\\r\\n\', NULL, 1660649265, 1660649265)')
 4 SYSTEMPATH\Database\BaseBuilder.php(1904): CodeIgniter\Database\BaseConnection->query('INSERT INTO `tbl_project` (`title`, `director`, `studio`, `description`, `image`, `created_at`, `updated_at`) VALUES (:title:, :director:, :studio:, :description:, :image:, :created_at:, :updated_at:)', [...], false)
 5 APPPATH\Models\Common.php(224): CodeIgniter\Database\BaseBuilder->insert([...])
 6 APPPATH\Modules\Project\Controllers\AdminController.php(119): App\Models\Common->InsertTableData('tbl_project', [...])
 7 SYSTEMPATH\CodeIgniter.php(896): Modules\Project\Controllers\AdminController->add()
 8 SYSTEMPATH\CodeIgniter.php(466): CodeIgniter\CodeIgniter->runController(Object(Modules\Project\Controllers\AdminController))
 9 SYSTEMPATH\CodeIgniter.php(349): CodeIgniter\CodeIgniter->handleRequest(null, Object(Config\Cache), false)
10 FCPATH\index.php(55): CodeIgniter\CodeIgniter->run()
ERROR - 2022-08-16 16:58:23 --> Column 'image' cannot be null
CRITICAL - 2022-08-16 16:58:23 --> Column 'image' cannot be null
in SYSTEMPATH\Database\MySQLi\Connection.php on line 292.
 1 SYSTEMPATH\Database\MySQLi\Connection.php(292): mysqli->query('INSERT INTO `tbl_project` (`title`, `director`, `studio`, `description`, `image`, `created_at`, `updated_at`) VALUES (\'asd\', \'asda\', \'sdasd\', \'<p>qwertyuioplkjhgfdswadsad</p>\\r\\n\', NULL, 1660649303, 1660649303)', 0)
 2 SYSTEMPATH\Database\BaseConnection.php(695): CodeIgniter\Database\MySQLi\Connection->execute('INSERT INTO `tbl_project` (`title`, `director`, `studio`, `description`, `image`, `created_at`, `updated_at`) VALUES (\'asd\', \'asda\', \'sdasd\', \'<p>qwertyuioplkjhgfdswadsad</p>\\r\\n\', NULL, 1660649303, 1660649303)')
 3 SYSTEMPATH\Database\BaseConnection.php(609): CodeIgniter\Database\BaseConnection->simpleQuery('INSERT INTO `tbl_project` (`title`, `director`, `studio`, `description`, `image`, `created_at`, `updated_at`) VALUES (\'asd\', \'asda\', \'sdasd\', \'<p>qwertyuioplkjhgfdswadsad</p>\\r\\n\', NULL, 1660649303, 1660649303)')
 4 SYSTEMPATH\Database\BaseBuilder.php(1904): CodeIgniter\Database\BaseConnection->query('INSERT INTO `tbl_project` (`title`, `director`, `studio`, `description`, `image`, `created_at`, `updated_at`) VALUES (:title:, :director:, :studio:, :description:, :image:, :created_at:, :updated_at:)', [...], false)
 5 APPPATH\Models\Common.php(224): CodeIgniter\Database\BaseBuilder->insert([...])
 6 APPPATH\Modules\Project\Controllers\AdminController.php(119): App\Models\Common->InsertTableData('tbl_project', [...])
 7 SYSTEMPATH\CodeIgniter.php(896): Modules\Project\Controllers\AdminController->add()
 8 SYSTEMPATH\CodeIgniter.php(466): CodeIgniter\CodeIgniter->runController(Object(Modules\Project\Controllers\AdminController))
 9 SYSTEMPATH\CodeIgniter.php(349): CodeIgniter\CodeIgniter->handleRequest(null, Object(Config\Cache), false)
10 FCPATH\index.php(55): CodeIgniter\CodeIgniter->run()
ERROR - 2022-08-16 17:01:37 --> Column 'image' cannot be null
CRITICAL - 2022-08-16 17:01:37 --> Column 'image' cannot be null
in SYSTEMPATH\Database\MySQLi\Connection.php on line 292.
 1 SYSTEMPATH\Database\MySQLi\Connection.php(292): mysqli->query('INSERT INTO `tbl_project` (`title`, `director`, `studio`, `description`, `image`, `created_at`, `updated_at`) VALUES (\'asda\', \'dasd\', \'asdas\', \'<p>asdasd</p>\\r\\n\', NULL, 1660649497, 1660649497)', 0)
 2 SYSTEMPATH\Database\BaseConnection.php(695): CodeIgniter\Database\MySQLi\Connection->execute('INSERT INTO `tbl_project` (`title`, `director`, `studio`, `description`, `image`, `created_at`, `updated_at`) VALUES (\'asda\', \'dasd\', \'asdas\', \'<p>asdasd</p>\\r\\n\', NULL, 1660649497, 1660649497)')
 3 SYSTEMPATH\Database\BaseConnection.php(609): CodeIgniter\Database\BaseConnection->simpleQuery('INSERT INTO `tbl_project` (`title`, `director`, `studio`, `description`, `image`, `created_at`, `updated_at`) VALUES (\'asda\', \'dasd\', \'asdas\', \'<p>asdasd</p>\\r\\n\', NULL, 1660649497, 1660649497)')
 4 SYSTEMPATH\Database\BaseBuilder.php(1904): CodeIgniter\Database\BaseConnection->query('INSERT INTO `tbl_project` (`title`, `director`, `studio`, `description`, `image`, `created_at`, `updated_at`) VALUES (:title:, :director:, :studio:, :description:, :image:, :created_at:, :updated_at:)', [...], false)
 5 APPPATH\Models\Common.php(224): CodeIgniter\Database\BaseBuilder->insert([...])
 6 APPPATH\Modules\Project\Controllers\AdminController.php(119): App\Models\Common->InsertTableData('tbl_project', [...])
 7 SYSTEMPATH\CodeIgniter.php(896): Modules\Project\Controllers\AdminController->add()
 8 SYSTEMPATH\CodeIgniter.php(466): CodeIgniter\CodeIgniter->runController(Object(Modules\Project\Controllers\AdminController))
 9 SYSTEMPATH\CodeIgniter.php(349): CodeIgniter\CodeIgniter->handleRequest(null, Object(Config\Cache), false)
10 FCPATH\index.php(55): CodeIgniter\CodeIgniter->run()
ERROR - 2022-08-16 17:03:26 --> Column 'image' cannot be null
CRITICAL - 2022-08-16 17:03:26 --> Column 'image' cannot be null
in SYSTEMPATH\Database\MySQLi\Connection.php on line 292.
 1 SYSTEMPATH\Database\MySQLi\Connection.php(292): mysqli->query('INSERT INTO `tbl_project` (`title`, `director`, `studio`, `description`, `image`, `created_at`, `updated_at`) VALUES (\'asda\', \'dasd\', \'asdas\', \'<p>asdasd</p>\\r\\n\', NULL, 1660649606, 1660649606)', 0)
 2 SYSTEMPATH\Database\BaseConnection.php(695): CodeIgniter\Database\MySQLi\Connection->execute('INSERT INTO `tbl_project` (`title`, `director`, `studio`, `description`, `image`, `created_at`, `updated_at`) VALUES (\'asda\', \'dasd\', \'asdas\', \'<p>asdasd</p>\\r\\n\', NULL, 1660649606, 1660649606)')
 3 SYSTEMPATH\Database\BaseConnection.php(609): CodeIgniter\Database\BaseConnection->simpleQuery('INSERT INTO `tbl_project` (`title`, `director`, `studio`, `description`, `image`, `created_at`, `updated_at`) VALUES (\'asda\', \'dasd\', \'asdas\', \'<p>asdasd</p>\\r\\n\', NULL, 1660649606, 1660649606)')
 4 SYSTEMPATH\Database\BaseBuilder.php(1904): CodeIgniter\Database\BaseConnection->query('INSERT INTO `tbl_project` (`title`, `director`, `studio`, `description`, `image`, `created_at`, `updated_at`) VALUES (:title:, :director:, :studio:, :description:, :image:, :created_at:, :updated_at:)', [...], false)
 5 APPPATH\Models\Common.php(224): CodeIgniter\Database\BaseBuilder->insert([...])
 6 APPPATH\Modules\Project\Controllers\AdminController.php(119): App\Models\Common->InsertTableData('tbl_project', [...])
 7 SYSTEMPATH\CodeIgniter.php(896): Modules\Project\Controllers\AdminController->add()
 8 SYSTEMPATH\CodeIgniter.php(466): CodeIgniter\CodeIgniter->runController(Object(Modules\Project\Controllers\AdminController))
 9 SYSTEMPATH\CodeIgniter.php(349): CodeIgniter\CodeIgniter->handleRequest(null, Object(Config\Cache), false)
10 FCPATH\index.php(55): CodeIgniter\CodeIgniter->run()
CRITICAL - 2022-08-16 17:03:41 --> Undefined index: status
in APPPATH\Modules\Project\views\index.php on line 76.
 1 APPPATH\Modules\Project\views\index.php(76): CodeIgniter\Debug\Exceptions->errorHandler(8, 'Undefined index: status', 'APPPATH\\Modules\\Project\\views\\index.php', 76, [...])
 2 SYSTEMPATH\View\View.php(213): include('APPPATH\\Modules\\Project\\views\\index.php')
 3 SYSTEMPATH\View\View.php(216): CodeIgniter\View\View->CodeIgniter\View\{closure}()
 4 SYSTEMPATH\Common.php(1135): CodeIgniter\View\View->render('\\Modules\\Project\\Views\\index', [], true)
 5 APPPATH\Modules\Project\Controllers\AdminController.php(46): view('\\Modules\\Project\\Views\\index', [...])
 6 SYSTEMPATH\CodeIgniter.php(896): Modules\Project\Controllers\AdminController->index()
 7 SYSTEMPATH\CodeIgniter.php(466): CodeIgniter\CodeIgniter->runController(Object(Modules\Project\Controllers\AdminController))
 8 SYSTEMPATH\CodeIgniter.php(349): CodeIgniter\CodeIgniter->handleRequest(null, Object(Config\Cache), false)
 9 FCPATH\index.php(55): CodeIgniter\CodeIgniter->run()
CRITICAL - 2022-08-16 17:04:07 --> Undefined index: parent_id
in APPPATH\Modules\Project\views\index.php on line 80.
 1 APPPATH\Modules\Project\views\index.php(80): CodeIgniter\Debug\Exceptions->errorHandler(8, 'Undefined index: parent_id', 'APPPATH\\Modules\\Project\\views\\index.php', 80, [...])
 2 SYSTEMPATH\View\View.php(213): include('APPPATH\\Modules\\Project\\views\\index.php')
 3 SYSTEMPATH\View\View.php(216): CodeIgniter\View\View->CodeIgniter\View\{closure}()
 4 SYSTEMPATH\Common.php(1135): CodeIgniter\View\View->render('\\Modules\\Project\\Views\\index', [], true)
 5 APPPATH\Modules\Project\Controllers\AdminController.php(46): view('\\Modules\\Project\\Views\\index', [...])
 6 SYSTEMPATH\CodeIgniter.php(896): Modules\Project\Controllers\AdminController->index()
 7 SYSTEMPATH\CodeIgniter.php(466): CodeIgniter\CodeIgniter->runController(Object(Modules\Project\Controllers\AdminController))
 8 SYSTEMPATH\CodeIgniter.php(349): CodeIgniter\CodeIgniter->handleRequest(null, Object(Config\Cache), false)
 9 FCPATH\index.php(55): CodeIgniter\CodeIgniter->run()
CRITICAL - 2022-08-16 17:04:16 --> Undefined variable: parent_story_line
in APPPATH\Modules\Project\views\index.php on line 94.
 1 APPPATH\Modules\Project\views\index.php(94): CodeIgniter\Debug\Exceptions->errorHandler(8, 'Undefined variable: parent_story_line', 'APPPATH\\Modules\\Project\\views\\index.php', 94, [...])
 2 SYSTEMPATH\View\View.php(213): include('APPPATH\\Modules\\Project\\views\\index.php')
 3 SYSTEMPATH\View\View.php(216): CodeIgniter\View\View->CodeIgniter\View\{closure}()
 4 SYSTEMPATH\Common.php(1135): CodeIgniter\View\View->render('\\Modules\\Project\\Views\\index', [], true)
 5 APPPATH\Modules\Project\Controllers\AdminController.php(46): view('\\Modules\\Project\\Views\\index', [...])
 6 SYSTEMPATH\CodeIgniter.php(896): Modules\Project\Controllers\AdminController->index()
 7 SYSTEMPATH\CodeIgniter.php(466): CodeIgniter\CodeIgniter->runController(Object(Modules\Project\Controllers\AdminController))
 8 SYSTEMPATH\CodeIgniter.php(349): CodeIgniter\CodeIgniter->handleRequest(null, Object(Config\Cache), false)
 9 FCPATH\index.php(55): CodeIgniter\CodeIgniter->run()
CRITICAL - 2022-08-16 17:06:38 --> Undefined index: parent_id
in APPPATH\Modules\Project\views\index.php on line 80.
 1 APPPATH\Modules\Project\views\index.php(80): CodeIgniter\Debug\Exceptions->errorHandler(8, 'Undefined index: parent_id', 'APPPATH\\Modules\\Project\\views\\index.php', 80, [...])
 2 SYSTEMPATH\View\View.php(213): include('APPPATH\\Modules\\Project\\views\\index.php')
 3 SYSTEMPATH\View\View.php(216): CodeIgniter\View\View->CodeIgniter\View\{closure}()
 4 SYSTEMPATH\Common.php(1135): CodeIgniter\View\View->render('\\Modules\\Project\\Views\\index', [], true)
 5 APPPATH\Modules\Project\Controllers\AdminController.php(46): view('\\Modules\\Project\\Views\\index', [...])
 6 SYSTEMPATH\CodeIgniter.php(896): Modules\Project\Controllers\AdminController->index()
 7 SYSTEMPATH\CodeIgniter.php(466): CodeIgniter\CodeIgniter->runController(Object(Modules\Project\Controllers\AdminController))
 8 SYSTEMPATH\CodeIgniter.php(349): CodeIgniter\CodeIgniter->handleRequest(null, Object(Config\Cache), false)
 9 FCPATH\index.php(55): CodeIgniter\CodeIgniter->run()
CRITICAL - 2022-08-16 17:06:45 --> Undefined variable: parent_story_line
in APPPATH\Modules\Project\views\index.php on line 96.
 1 APPPATH\Modules\Project\views\index.php(96): CodeIgniter\Debug\Exceptions->errorHandler(8, 'Undefined variable: parent_story_line', 'APPPATH\\Modules\\Project\\views\\index.php', 96, [...])
 2 SYSTEMPATH\View\View.php(213): include('APPPATH\\Modules\\Project\\views\\index.php')
 3 SYSTEMPATH\View\View.php(216): CodeIgniter\View\View->CodeIgniter\View\{closure}()
 4 SYSTEMPATH\Common.php(1135): CodeIgniter\View\View->render('\\Modules\\Project\\Views\\index', [], true)
 5 APPPATH\Modules\Project\Controllers\AdminController.php(46): view('\\Modules\\Project\\Views\\index', [...])
 6 SYSTEMPATH\CodeIgniter.php(896): Modules\Project\Controllers\AdminController->index()
 7 SYSTEMPATH\CodeIgniter.php(466): CodeIgniter\CodeIgniter->runController(Object(Modules\Project\Controllers\AdminController))
 8 SYSTEMPATH\CodeIgniter.php(349): CodeIgniter\CodeIgniter->handleRequest(null, Object(Config\Cache), false)
 9 FCPATH\index.php(55): CodeIgniter\CodeIgniter->run()
CRITICAL - 2022-08-16 17:08:55 --> Undefined index: adventure_id
in APPPATH\Modules\Project\Controllers\AdminController.php on line 233.
 1 APPPATH\Modules\Project\Controllers\AdminController.php(233): CodeIgniter\Debug\Exceptions->errorHandler(8, 'Undefined index: adventure_id', 'APPPATH\\Modules\\Project\\Controllers\\AdminController.php', 233, [...])
 2 SYSTEMPATH\CodeIgniter.php(896): Modules\Project\Controllers\AdminController->edit('1')
 3 SYSTEMPATH\CodeIgniter.php(466): CodeIgniter\CodeIgniter->runController(Object(Modules\Project\Controllers\AdminController))
 4 SYSTEMPATH\CodeIgniter.php(349): CodeIgniter\CodeIgniter->handleRequest(null, Object(Config\Cache), false)
 5 FCPATH\index.php(55): CodeIgniter\CodeIgniter->run()
CRITICAL - 2022-08-16 17:51:58 --> Undefined variable: parent_id
in APPPATH\Modules\Project\views\add.php on line 208.
 1 APPPATH\Modules\Project\views\add.php(208): CodeIgniter\Debug\Exceptions->errorHandler(8, 'Undefined variable: parent_id', 'APPPATH\\Modules\\Project\\views\\add.php', 208, [...])
 2 SYSTEMPATH\View\View.php(213): include('APPPATH\\Modules\\Project\\views\\add.php')
 3 SYSTEMPATH\View\View.php(216): CodeIgniter\View\View->CodeIgniter\View\{closure}()
 4 SYSTEMPATH\Common.php(1135): CodeIgniter\View\View->render('\\Modules\\Project\\Views/add', [], true)
 5 APPPATH\Modules\Project\Controllers\AdminController.php(139): view('\\Modules\\Project\\Views/add', [...])
 6 SYSTEMPATH\CodeIgniter.php(896): Modules\Project\Controllers\AdminController->add()
 7 SYSTEMPATH\CodeIgniter.php(466): CodeIgniter\CodeIgniter->runController(Object(Modules\Project\Controllers\AdminController))
 8 SYSTEMPATH\CodeIgniter.php(349): CodeIgniter\CodeIgniter->handleRequest(null, Object(Config\Cache), false)
 9 FCPATH\index.php(55): CodeIgniter\CodeIgniter->run()
CRITICAL - 2022-08-16 18:05:45 --> Undefined variable: x
in APPPATH\Modules\Project\views\add.php on line 270.
 1 APPPATH\Modules\Project\views\add.php(270): CodeIgniter\Debug\Exceptions->errorHandler(8, 'Undefined variable: x', 'APPPATH\\Modules\\Project\\views\\add.php', 270, [...])
 2 SYSTEMPATH\View\View.php(213): include('APPPATH\\Modules\\Project\\views\\add.php')
 3 SYSTEMPATH\View\View.php(216): CodeIgniter\View\View->CodeIgniter\View\{closure}()
 4 SYSTEMPATH\Common.php(1135): CodeIgniter\View\View->render('\\Modules\\Project\\Views/add', [], true)
 5 APPPATH\Modules\Project\Controllers\AdminController.php(139): view('\\Modules\\Project\\Views/add', [...])
 6 SYSTEMPATH\CodeIgniter.php(896): Modules\Project\Controllers\AdminController->add()
 7 SYSTEMPATH\CodeIgniter.php(466): CodeIgniter\CodeIgniter->runController(Object(Modules\Project\Controllers\AdminController))
 8 SYSTEMPATH\CodeIgniter.php(349): CodeIgniter\CodeIgniter->handleRequest(null, Object(Config\Cache), false)
 9 FCPATH\index.php(55): CodeIgniter\CodeIgniter->run()
CRITICAL - 2022-08-16 18:07:19 --> Undefined variable: x
in APPPATH\Modules\Project\views\add.php on line 272.
 1 APPPATH\Modules\Project\views\add.php(272): CodeIgniter\Debug\Exceptions->errorHandler(8, 'Undefined variable: x', 'APPPATH\\Modules\\Project\\views\\add.php', 272, [...])
 2 SYSTEMPATH\View\View.php(213): include('APPPATH\\Modules\\Project\\views\\add.php')
 3 SYSTEMPATH\View\View.php(216): CodeIgniter\View\View->CodeIgniter\View\{closure}()
 4 SYSTEMPATH\Common.php(1135): CodeIgniter\View\View->render('\\Modules\\Project\\Views/add', [], true)
 5 APPPATH\Modules\Project\Controllers\AdminController.php(139): view('\\Modules\\Project\\Views/add', [...])
 6 SYSTEMPATH\CodeIgniter.php(896): Modules\Project\Controllers\AdminController->add()
 7 SYSTEMPATH\CodeIgniter.php(466): CodeIgniter\CodeIgniter->runController(Object(Modules\Project\Controllers\AdminController))
 8 SYSTEMPATH\CodeIgniter.php(349): CodeIgniter\CodeIgniter->handleRequest(null, Object(Config\Cache), false)
 9 FCPATH\index.php(55): CodeIgniter\CodeIgniter->run()
CRITICAL - 2022-08-16 18:07:52 --> Undefined variable: x
in APPPATH\Modules\Project\views\add.php on line 272.
 1 APPPATH\Modules\Project\views\add.php(272): CodeIgniter\Debug\Exceptions->errorHandler(8, 'Undefined variable: x', 'APPPATH\\Modules\\Project\\views\\add.php', 272, [...])
 2 SYSTEMPATH\View\View.php(213): include('APPPATH\\Modules\\Project\\views\\add.php')
 3 SYSTEMPATH\View\View.php(216): CodeIgniter\View\View->CodeIgniter\View\{closure}()
 4 SYSTEMPATH\Common.php(1135): CodeIgniter\View\View->render('\\Modules\\Project\\Views/add', [], true)
 5 APPPATH\Modules\Project\Controllers\AdminController.php(139): view('\\Modules\\Project\\Views/add', [...])
 6 SYSTEMPATH\CodeIgniter.php(896): Modules\Project\Controllers\AdminController->add()
 7 SYSTEMPATH\CodeIgniter.php(466): CodeIgniter\CodeIgniter->runController(Object(Modules\Project\Controllers\AdminController))
 8 SYSTEMPATH\CodeIgniter.php(349): CodeIgniter\CodeIgniter->handleRequest(null, Object(Config\Cache), false)
 9 FCPATH\index.php(55): CodeIgniter\CodeIgniter->run()
CRITICAL - 2022-08-16 18:08:56 --> Undefined variable: x
in APPPATH\Modules\Project\views\add.php on line 286.
 1 APPPATH\Modules\Project\views\add.php(286): CodeIgniter\Debug\Exceptions->errorHandler(8, 'Undefined variable: x', 'APPPATH\\Modules\\Project\\views\\add.php', 286, [...])
 2 SYSTEMPATH\View\View.php(213): include('APPPATH\\Modules\\Project\\views\\add.php')
 3 SYSTEMPATH\View\View.php(216): CodeIgniter\View\View->CodeIgniter\View\{closure}()
 4 SYSTEMPATH\Common.php(1135): CodeIgniter\View\View->render('\\Modules\\Project\\Views/add', [], true)
 5 APPPATH\Modules\Project\Controllers\AdminController.php(139): view('\\Modules\\Project\\Views/add', [...])
 6 SYSTEMPATH\CodeIgniter.php(896): Modules\Project\Controllers\AdminController->add()
 7 SYSTEMPATH\CodeIgniter.php(466): CodeIgniter\CodeIgniter->runController(Object(Modules\Project\Controllers\AdminController))
 8 SYSTEMPATH\CodeIgniter.php(349): CodeIgniter\CodeIgniter->handleRequest(null, Object(Config\Cache), false)
 9 FCPATH\index.php(55): CodeIgniter\CodeIgniter->run()
