CRITICAL - 2022-08-10 12:16:16 --> Call to undefined function CodeIgniter\locale_set_default()
in SYSTEMPATH\CodeIgniter.php on line 193.
 1 FCPATH\index.php(43): CodeIgniter\CodeIgniter->initialize()
CRITICAL - 2022-08-10 12:22:43 --> Call to undefined function CodeIgniter\locale_set_default()
in SYSTEMPATH\CodeIgniter.php on line 193.
 1 FCPATH\index.php(43): CodeIgniter\CodeIgniter->initialize()
CRITICAL - 2022-08-10 12:22:44 --> Call to undefined function CodeIgniter\locale_set_default()
in SYSTEMPATH\CodeIgniter.php on line 193.
 1 FCPATH\index.php(43): CodeIgniter\CodeIgniter->initialize()
CRITICAL - 2022-08-10 12:22:44 --> Call to undefined function CodeIgniter\locale_set_default()
in SYSTEMPATH\CodeIgniter.php on line 193.
 1 FCPATH\index.php(43): CodeIgniter\CodeIgniter->initialize()
CRITICAL - 2022-08-10 12:22:45 --> Call to undefined function CodeIgniter\locale_set_default()
in SYSTEMPATH\CodeIgniter.php on line 193.
 1 FCPATH\index.php(43): CodeIgniter\CodeIgniter->initialize()
CRITICAL - 2022-08-10 12:23:35 --> Call to undefined function CodeIgniter\locale_set_default()
in SYSTEMPATH\CodeIgniter.php on line 193.
 1 FCPATH\index.php(43): CodeIgniter\CodeIgniter->initialize()
CRITICAL - 2022-08-10 12:23:36 --> Call to undefined function CodeIgniter\locale_set_default()
in SYSTEMPATH\CodeIgniter.php on line 193.
 1 FCPATH\index.php(43): CodeIgniter\CodeIgniter->initialize()
CRITICAL - 2022-08-10 12:23:36 --> Call to undefined function CodeIgniter\locale_set_default()
in SYSTEMPATH\CodeIgniter.php on line 193.
 1 FCPATH\index.php(43): CodeIgniter\CodeIgniter->initialize()
CRITICAL - 2022-08-10 12:23:37 --> Call to undefined function CodeIgniter\locale_set_default()
in SYSTEMPATH\CodeIgniter.php on line 193.
 1 FCPATH\index.php(43): CodeIgniter\CodeIgniter->initialize()
CRITICAL - 2022-08-10 12:23:37 --> Call to undefined function CodeIgniter\locale_set_default()
in SYSTEMPATH\CodeIgniter.php on line 193.
 1 FCPATH\index.php(43): CodeIgniter\CodeIgniter->initialize()
CRITICAL - 2022-08-10 12:23:37 --> Call to undefined function CodeIgniter\locale_set_default()
in SYSTEMPATH\CodeIgniter.php on line 193.
 1 FCPATH\index.php(43): CodeIgniter\CodeIgniter->initialize()
CRITICAL - 2022-08-10 16:15:45 --> array_merge(): Argument #2 must be of type array, string given
in APPPATH\Controllers\Game.php on line 306.
 1 APPPATH\Controllers\Game.php(306): array_merge([...], '25')
 2 SYSTEMPATH\CodeIgniter.php(896): App\Controllers\Game->continueStoryLine()
 3 SYSTEMPATH\CodeIgniter.php(466): CodeIgniter\CodeIgniter->runController(Object(App\Controllers\Game))
 4 SYSTEMPATH\CodeIgniter.php(349): CodeIgniter\CodeIgniter->handleRequest(null, Object(Config\Cache), false)
 5 FCPATH\index.php(55): CodeIgniter\CodeIgniter->run()
